服务启动成功 6000
服务启动成功 6000
服务启动成功 6000
服务启动成功 6000
服务启动成功 6000
服务启动成功 6000
req.body undefined
md5
body {"errcode":40029,"errmsg":"invalid code, hints: [ req_id: ig7GmA04284100 ]"}
服务启动成功 6000
服务启动成功 6000
服务启动成功 2000
服务启动成功 6000
服务启动成功 6000
服务启动成功 2000
服务启动成功 6000
服务启动成功 6000
服务启动成功 6000
服务启动成功 6000
服务启动成功 2000
服务启动成功 6000
服务启动成功 6000
server a138c4060843b71946253e38ab3016f05d03df36
server fa52fd17fc2c09ae72d6f0bdb750402769e46254
server 340ff8154930257b8e24cf491e3f8ed865a6e0d1
server 65f8932b2c792be30cb88a03a91566edd0187246
server 7f43b419c48a6036938698f899d23b22d689b110
server af904c54b5ea20881a8bdd8b62caa7960f8fbbb2
server 0901295c42cdf57ab6c2586f5ad435df317a6550
server 46f84ecab952e77f286f4ee6d185d9d2b2214426
